This is XeTeX, Version 3.1415926-2.5-0.9999.3 (TeX Live 2013) (format=xelatex 2013.9.30)  26 NOV 2014 13:42
entering extended mode
 restricted \write18 enabled.
 %&-line parsing enabled.
**paper
(./paper.tex
LaTeX2e <2011/06/27>
Babel <3.9f> and hyphenation patterns for 78 languages loaded.
(./sig-alternate-10pt.cls
(/usr/local/texlive/2013/texmf-dist/tex/latex/graphics/epsfig.sty
Package: epsfig 1999/02/16 v1.7a (e)psfig emulation (SPQR)

(/usr/local/texlive/2013/texmf-dist/tex/latex/graphics/graphicx.sty
Package: graphicx 1999/02/16 v1.0f Enhanced LaTeX Graphics (DPC,SPQR)

(/usr/local/texlive/2013/texmf-dist/tex/latex/graphics/keyval.sty
Package: keyval 1999/03/16 v1.13 key=value parser (DPC)
\KV@toks@=\toks14
)
(/usr/local/texlive/2013/texmf-dist/tex/latex/graphics/graphics.sty
Package: graphics 2009/02/05 v1.0o Standard LaTeX Graphics (DPC,SPQR)

(/usr/local/texlive/2013/texmf-dist/tex/latex/graphics/trig.sty
Package: trig 1999/03/16 v1.09 sin cos tan (DPC)
)
(/usr/local/texlive/2013/texmf-dist/tex/latex/latexconfig/graphics.cfg
File: graphics.cfg 2010/04/23 v1.9 graphics configuration of TeX Live
)
Package graphics Info: Driver file: xetex.def on input line 91.

(/usr/local/texlive/2013/texmf-dist/tex/xelatex/xetex-def/xetex.def
File: xetex.def 2013/04/29 v0.96 LaTeX color/graphics driver for XeTeX (RRM/JK)

))
\Gin@req@height=\dimen102
\Gin@req@width=\dimen103
)
\epsfxsize=\dimen104
\epsfysize=\dimen105
)
(/usr/local/texlive/2013/texmf-dist/tex/latex/amsfonts/amssymb.sty
Package: amssymb 2013/01/14 v3.01 AMS font symbols

(/usr/local/texlive/2013/texmf-dist/tex/latex/amsfonts/amsfonts.sty
Package: amsfonts 2013/01/14 v3.01 Basic AMSFonts support
\@emptytoks=\toks15
\symAMSa=\mathgroup4
\symAMSb=\mathgroup5
LaTeX Font Info:    Overwriting math alphabet `\mathfrak' in version `bold'
(Font)                  U/euf/m/n --> U/euf/b/n on input line 106.
))
(/usr/local/texlive/2013/texmf-dist/tex/latex/amsmath/amsmath.sty
Package: amsmath 2013/01/14 v2.14 AMS math features
\@mathmargin=\skip41

For additional information on amsmath, use the `?' option.
(/usr/local/texlive/2013/texmf-dist/tex/latex/amsmath/amstext.sty
Package: amstext 2000/06/29 v2.01

(/usr/local/texlive/2013/texmf-dist/tex/latex/amsmath/amsgen.sty
File: amsgen.sty 1999/11/30 v2.0
\@emptytoks=\toks16
\ex@=\dimen106
))
(/usr/local/texlive/2013/texmf-dist/tex/latex/amsmath/amsbsy.sty
Package: amsbsy 1999/11/29 v1.2d
\pmbraise@=\dimen107
)
(/usr/local/texlive/2013/texmf-dist/tex/latex/amsmath/amsopn.sty
Package: amsopn 1999/12/14 v2.01 operator names
)
\inf@bad=\count80
LaTeX Info: Redefining \frac on input line 210.
\uproot@=\count81
\leftroot@=\count82
LaTeX Info: Redefining \overline on input line 306.
\classnum@=\count83
\DOTSCASE@=\count84
LaTeX Info: Redefining \ldots on input line 378.
LaTeX Info: Redefining \dots on input line 381.
LaTeX Info: Redefining \cdots on input line 466.
\Mathstrutbox@=\box26
\strutbox@=\box27
\big@size=\dimen108
LaTeX Font Info:    Redeclaring font encoding OML on input line 566.
LaTeX Font Info:    Redeclaring font encoding OMS on input line 567.
\macc@depth=\count85
\c@MaxMatrixCols=\count86
\dotsspace@=\muskip10
\c@parentequation=\count87
\dspbrk@lvl=\count88
\tag@help=\toks17
\row@=\count89
\column@=\count90
\maxfields@=\count91
\andhelp@=\toks18
\eqnshift@=\dimen109
\alignsep@=\dimen110
\tagshift@=\dimen111
\tagwidth@=\dimen112
\totwidth@=\dimen113
\lineht@=\dimen114
\@envbody=\toks19
\multlinegap=\skip42
\multlinetaggap=\skip43
\mathdisplay@stack=\toks20
LaTeX Info: Redefining \[ on input line 2665.
LaTeX Info: Redefining \] on input line 2666.
)
Document Class 'sig-alternate' <22nd. April '09>. Modified by G.K.M. Tobin/Gerr
y Murray
Based in part upon document Style `acmconf' <22 May 89>. Hacked 4/91 by
shivers@cs.cmu.edu, 4/93 by theobald@cs.mcgill.ca
Excerpts were taken from (Journal Style) 'esub2acm.cls'.
****** Bugs/comments/suggestions/technicalities to Gerry Murray -- murray@hq.ac
m.org ******
Questions on the style, SIGS policies, etc. to Adrienne Griscti griscti@acm.org

\footheight=\dimen115
\@maxsep=\dimen116
\@dblmaxsep=\dimen117
\aucount=\count92
\originalaucount=\count93
\auwidth=\dimen118
\auskip=\dimen119
\auskipcount=\count94
\auskip=\dimen120
\allauboxes=\dimen121
\addauthors=\toks21
\addauflag=\count95
\subtitletext=\toks22
\savesection=\count96
\sectioncntr=\count97
\c@figure=\count98
\c@table=\count99
\titleboxnotes=\toks23
\titleboxnoteflag=\count100

LaTeX Warning: You have requested document class `sig-alternate-10pt',
               but the document class provides `sig-alternate'.

Document Class: sig-alternate 2009/04/22 - V2.4 - based on acmproc.cls V1.3 <No
v. 30 '99>
(/usr/local/texlive/2013/texmf-dist/tex/latex/base/latexsym.sty
Package: latexsym 1998/08/17 v2.2e Standard LaTeX package (lasy symbols)
\symlasy=\mathgroup6
LaTeX Font Info:    Overwriting symbol font `lasy' in version `bold'
(Font)                  U/lasy/m/n --> U/lasy/b/n on input line 47.
)
\@acmtitlebox=\box28
\titlenotecount=\count101
\tntoks=\toks24
\tntokstwo=\toks25
\tntoksthree=\toks26
\tntoksfour=\toks27
\tntoksfive=\toks28
\catcount=\count102
\conf=\toks29
\confinfo=\toks30
\c@part=\count103
\c@section=\count104
\c@subsection=\count105
\c@subsubsection=\count106
\c@paragraph=\count107

Using 'Abbrev' bibliography style
LaTeX Info: Redefining \cite on input line 1223.
\bibindent=\dimen122
\colcntr=\count108
\saveb@x=\box29
\copyrtyr=\toks31
\acmcopyr=\toks32
\boilerplate=\toks33
\copyrightetc=\toks34
(/usr/local/texlive/2013/texmf-dist/tex/latex/base/fontenc.sty
Package: fontenc 2005/09/27 v1.99g Standard LaTeX package

(/usr/local/texlive/2013/texmf-dist/tex/latex/base/t1enc.def
File: t1enc.def 2005/09/27 v1.99g Standard LaTeX file
LaTeX Font Info:    Redeclaring font encoding T1 on input line 43.
)
LaTeX Font Info:    Try loading font information for T1+aer on input line 100.

(/usr/local/texlive/2013/texmf-dist/tex/latex/ae/t1aer.fd
File: t1aer.fd 1997/11/16 Font definitions for T1/aer.
)))
(/usr/local/texlive/2013/texmf-dist/tex/latex/url/url.sty
\Urlmuskip=\muskip11
Package: url 2006/04/12  ver 3.3  Verb mode for urls, etc.
)
(/usr/local/texlive/2013/texmf-dist/tex/latex/hyperref/hyperref.sty
Package: hyperref 2012/11/06 v6.83m Hypertext links for LaTeX

(/usr/local/texlive/2013/texmf-dist/tex/generic/oberdiek/hobsub-hyperref.sty
Package: hobsub-hyperref 2012/05/28 v1.13 Bundle oberdiek, subset hyperref (HO)


(/usr/local/texlive/2013/texmf-dist/tex/generic/oberdiek/hobsub-generic.sty
Package: hobsub-generic 2012/05/28 v1.13 Bundle oberdiek, subset generic (HO)
Package: hobsub 2012/05/28 v1.13 Construct package bundles (HO)
Package: infwarerr 2010/04/08 v1.3 Providing info/warning/error messages (HO)
Package: ltxcmds 2011/11/09 v1.22 LaTeX kernel commands for general use (HO)
Package: ifluatex 2010/03/01 v1.3 Provides the ifluatex switch (HO)
Package ifluatex Info: LuaTeX not detected.
Package: ifvtex 2010/03/01 v1.5 Detect VTeX and its facilities (HO)
Package ifvtex Info: VTeX not detected.
Package: intcalc 2007/09/27 v1.1 Expandable calculations with integers (HO)
Package: ifpdf 2011/01/30 v2.3 Provides the ifpdf switch (HO)
Package ifpdf Info: pdfTeX in PDF mode is not detected.
Package: etexcmds 2011/02/16 v1.5 Avoid name clashes with e-TeX commands (HO)
Package etexcmds Info: Could not find \expanded.
(etexcmds)             That can mean that you are not using pdfTeX 1.50 or
(etexcmds)             that some package has redefined \expanded.
(etexcmds)             In the latter case, load this package earlier.
Package: kvsetkeys 2012/04/25 v1.16 Key value parser (HO)
Package: kvdefinekeys 2011/04/07 v1.3 Define keys (HO)
Package: pdftexcmds 2011/11/29 v0.20 Utility functions of pdfTeX for LuaTeX (HO
)
Package pdftexcmds Info: LuaTeX not detected.
Package pdftexcmds Info: pdfTeX >= 1.30 not detected.
Package pdftexcmds Info: \pdf@primitive is available.
Package pdftexcmds Info: \pdf@ifprimitive is available.
Package pdftexcmds Info: \pdfdraftmode not found.
Package: pdfescape 2011/11/25 v1.13 Implements pdfTeX's escape features (HO)
Package: bigintcalc 2012/04/08 v1.3 Expandable calculations on big integers (HO
)
Package: bitset 2011/01/30 v1.1 Handle bit-vector datatype (HO)
Package: uniquecounter 2011/01/30 v1.2 Provide unlimited unique counter (HO)
)
Package hobsub Info: Skipping package `hobsub' (already loaded).
Package: letltxmacro 2010/09/02 v1.4 Let assignment for LaTeX macros (HO)
Package: hopatch 2012/05/28 v1.2 Wrapper for package hooks (HO)
Package: xcolor-patch 2011/01/30 xcolor patch
Package: atveryend 2011/06/30 v1.8 Hooks at the very end of document (HO)
Package atveryend Info: \enddocument detected (standard20110627).
Package: atbegshi 2011/10/05 v1.16 At begin shipout hook (HO)
Package: refcount 2011/10/16 v3.4 Data extraction from label references (HO)
Package: hycolor 2011/01/30 v1.7 Color options for hyperref/bookmark (HO)
)
(/usr/local/texlive/2013/texmf-dist/tex/generic/ifxetex/ifxetex.sty
Package: ifxetex 2010/09/12 v0.6 Provides ifxetex conditional
)
(/usr/local/texlive/2013/texmf-dist/tex/latex/oberdiek/auxhook.sty
Package: auxhook 2011/03/04 v1.3 Hooks for auxiliary files (HO)
)
(/usr/local/texlive/2013/texmf-dist/tex/latex/oberdiek/kvoptions.sty
Package: kvoptions 2011/06/30 v3.11 Key value format for package options (HO)
)
\@linkdim=\dimen123
\Hy@linkcounter=\count109
\Hy@pagecounter=\count110

(/usr/local/texlive/2013/texmf-dist/tex/latex/hyperref/pd1enc.def
File: pd1enc.def 2012/11/06 v6.83m Hyperref: PDFDocEncoding definition (HO)
)
\Hy@SavedSpaceFactor=\count111

(/usr/local/texlive/2013/texmf-dist/tex/latex/latexconfig/hyperref.cfg
File: hyperref.cfg 2002/06/06 v1.2 hyperref configuration of TeXLive
)
Package hyperref Info: Hyper figures OFF on input line 4443.
Package hyperref Info: Link nesting OFF on input line 4448.
Package hyperref Info: Hyper index ON on input line 4451.
Package hyperref Info: Plain pages OFF on input line 4458.
Package hyperref Info: Backreferencing OFF on input line 4463.
Package hyperref Info: Implicit mode ON; LaTeX internals redefined.
Package hyperref Info: Bookmarks ON on input line 4688.
\c@Hy@tempcnt=\count112
LaTeX Info: Redefining \url on input line 5041.
\XeTeXLinkMargin=\dimen124
\Fld@menulength=\count113
\Field@Width=\dimen125
\Fld@charsize=\dimen126
Package hyperref Info: Hyper figures OFF on input line 6295.
Package hyperref Info: Link nesting OFF on input line 6300.
Package hyperref Info: Hyper index ON on input line 6303.
Package hyperref Info: backreferencing OFF on input line 6310.
Package hyperref Info: Link coloring OFF on input line 6315.
Package hyperref Info: Link coloring with OCG OFF on input line 6320.
Package hyperref Info: PDF/A mode OFF on input line 6325.
LaTeX Info: Redefining \ref on input line 6365.
LaTeX Info: Redefining \pageref on input line 6369.
\Hy@abspage=\count114
\c@Item=\count115
\c@Hfootnote=\count116
)

Package hyperref Message: Driver (autodetected): hxetex.

(/usr/local/texlive/2013/texmf-dist/tex/latex/hyperref/hxetex.def
File: hxetex.def 2012/11/06 v6.83m Hyperref driver for XeTeX

(/usr/local/texlive/2013/texmf-dist/tex/latex/hyperref/puenc.def
File: puenc.def 2012/11/06 v6.83m Hyperref: PDF Unicode definition (HO)
)
(/usr/local/texlive/2013/texmf-dist/tex/generic/oberdiek/stringenc.sty
Package: stringenc 2011/12/02 v1.10 Convert strings between diff. encodings (HO
)
)
\pdfm@box=\box30
\c@Hy@AnnotLevel=\count117
\HyField@AnnotCount=\count118
\Fld@listcount=\count119
\c@bookmark@seq@number=\count120

(/usr/local/texlive/2013/texmf-dist/tex/latex/oberdiek/rerunfilecheck.sty
Package: rerunfilecheck 2011/04/15 v1.7 Rerun checks for auxiliary files (HO)
Package rerunfilecheck Info: Feature \pdfmdfivesum is not available
(rerunfilecheck)             (e.g. pdfTeX or LuaTeX with package `pdftexcmds').

(rerunfilecheck)             Therefore file contents cannot be checked efficien
tly
(rerunfilecheck)             and the loading of the package is aborted.
)
\Hy@SectionHShift=\skip44
)
Package hyperref Info: Option `colorlinks' set `true' on input line 62.

(/usr/local/texlive/2013/texmf-dist/tex/latex/caption/caption.sty
Package: caption 2013/05/02 v3.3-89 Customizing captions (AR)

(/usr/local/texlive/2013/texmf-dist/tex/latex/caption/caption3.sty
Package: caption3 2013/05/02 v1.6-88 caption3 kernel (AR)
Package caption3 Info: TeX engine: e-TeX on input line 57.
\captionmargin=\dimen127
\captionmargin@=\dimen128
\captionwidth=\dimen129
\caption@tempdima=\dimen130
\caption@indent=\dimen131
\caption@parindent=\dimen132
\caption@hangindent=\dimen133
\abovecaptionskip=\skip45
\belowcaptionskip=\skip46
Package caption Info: Unknown document class (or package),
(caption)             standard defaults will be used.
)

Package caption Warning: Unsupported document class (or package) detected,
(caption)                usage of the caption package is not recommended.
See the caption package documentation for explanation.

Package caption Info: \@makecaption = \long macro:#1#2-> \vskip 10pt \setbox \@
tempboxa \hbox {\textbf {#1: #2}} \ifdim \wd \@tempboxa >\hsize \textbf {#1: #2
}\par \else \hbox to\hsize {\hfil \box \@tempboxa \hfil } \fi .
\c@ContinuedFloat=\count121
Package caption Info: hyperref package is loaded.
) (/usr/local/texlive/2013/texmf-dist/tex/latex/cleveref/cleveref.sty
Package: cleveref 2013/03/22 v0.18.9 Intelligent cross-referencing
Package cleveref Info: `hyperref' support loaded on input line 2163.
LaTeX Info: Redefining \cref on input line 2163.
LaTeX Info: Redefining \Cref on input line 2163.
LaTeX Info: Redefining \crefrange on input line 2163.
LaTeX Info: Redefining \Crefrange on input line 2163.
LaTeX Info: Redefining \cpageref on input line 2163.
LaTeX Info: Redefining \Cpageref on input line 2163.
LaTeX Info: Redefining \cpagerefrange on input line 2163.
LaTeX Info: Redefining \Cpagerefrange on input line 2163.
LaTeX Info: Redefining \labelcref on input line 2163.
LaTeX Info: Redefining \labelcpageref on input line 2163.
)
(/usr/local/texlive/2013/texmf-dist/tex/latex/caption/subcaption.sty
Package: subcaption 2013/02/03 v1.1-62 Sub-captions (AR)
\c@subfigure=\count122
\c@subtable=\count123
)
(./paper.aux

LaTeX Warning: Label `fig:bbox_ori' multiply defined.


LaTeX Warning: Label `fig:bbox_ori@cref' multiply defined.


LaTeX Warning: Label `sub@fig:bbox_ori' multiply defined.


LaTeX Warning: Label `sub@fig:bbox_ori@cref' multiply defined.


LaTeX Warning: Label `fig:bbox_blur' multiply defined.


LaTeX Warning: Label `fig:bbox_blur@cref' multiply defined.


LaTeX Warning: Label `sub@fig:bbox_blur' multiply defined.


LaTeX Warning: Label `sub@fig:bbox_blur@cref' multiply defined.


LaTeX Warning: Label `fig:bbox_otsu' multiply defined.


LaTeX Warning: Label `fig:bbox_otsu@cref' multiply defined.


LaTeX Warning: Label `sub@fig:bbox_otsu' multiply defined.


LaTeX Warning: Label `sub@fig:bbox_otsu@cref' multiply defined.


LaTeX Warning: Label `fig:bbox_template' multiply defined.


LaTeX Warning: Label `fig:bbox_template@cref' multiply defined.


LaTeX Warning: Label `sub@fig:bbox_template' multiply defined.


LaTeX Warning: Label `sub@fig:bbox_template@cref' multiply defined.


LaTeX Warning: Label `fig:bbox_haar' multiply defined.


LaTeX Warning: Label `fig:bbox_haar@cref' multiply defined.


LaTeX Warning: Label `sub@fig:bbox_haar' multiply defined.


LaTeX Warning: Label `sub@fig:bbox_haar@cref' multiply defined.


LaTeX Warning: Label `fig:bbox_result' multiply defined.


LaTeX Warning: Label `fig:bbox_result@cref' multiply defined.


LaTeX Warning: Label `sub@fig:bbox_result' multiply defined.


LaTeX Warning: Label `sub@fig:bbox_result@cref' multiply defined.


LaTeX Warning: Label `' multiply defined.


LaTeX Warning: Label `@cref' multiply defined.

)
\openout1 = `paper.aux'.

LaTeX Font Info:    Checking defaults for OML/cmm/m/it on input line 68.
LaTeX Font Info:    ... okay on input line 68.
LaTeX Font Info:    Checking defaults for T1/cmr/m/n on input line 68.
LaTeX Font Info:    ... okay on input line 68.
LaTeX Font Info:    Checking defaults for OT1/cmr/m/n on input line 68.
LaTeX Font Info:    ... okay on input line 68.
LaTeX Font Info:    Checking defaults for OMS/cmsy/m/n on input line 68.
LaTeX Font Info:    ... okay on input line 68.
LaTeX Font Info:    Checking defaults for OMX/cmex/m/n on input line 68.
LaTeX Font Info:    ... okay on input line 68.
LaTeX Font Info:    Checking defaults for U/cmr/m/n on input line 68.
LaTeX Font Info:    ... okay on input line 68.
LaTeX Font Info:    Checking defaults for PD1/pdf/m/n on input line 68.
LaTeX Font Info:    ... okay on input line 68.
LaTeX Font Info:    Checking defaults for PU/pdf/m/n on input line 68.
LaTeX Font Info:    ... okay on input line 68.
\AtBeginShipoutBox=\box31


Package hyperref Warning: Height of page (\paperheight) is invalid (0.0pt),
(hyperref)                using 11in.

(/usr/local/texlive/2013/texmf-dist/tex/latex/graphics/color.sty
Package: color 2005/11/14 v1.0j Standard LaTeX Color (DPC)

(/usr/local/texlive/2013/texmf-dist/tex/latex/latexconfig/color.cfg
File: color.cfg 2007/01/18 v1.5 color configuration of teTeX/TeXLive
)
Package color Info: Driver file: xetex.def on input line 130.
)
Package hyperref Info: Link coloring ON on input line 68.

(/usr/local/texlive/2013/texmf-dist/tex/latex/hyperref/nameref.sty
Package: nameref 2012/10/27 v2.43 Cross-referencing by name of section

(/usr/local/texlive/2013/texmf-dist/tex/generic/oberdiek/gettitlestring.sty
Package: gettitlestring 2010/12/03 v1.4 Cleanup title references (HO)
)
\c@section@level=\count124
)
LaTeX Info: Redefining \ref on input line 68.
LaTeX Info: Redefining \pageref on input line 68.
LaTeX Info: Redefining \nameref on input line 68.

(./paper.out) (./paper.out)
\@outlinefile=\write3
\openout3 = `paper.out'.

Package caption Info: Begin \AtBeginDocument code.
Package caption Info: End \AtBeginDocument code.
LaTeX Font Info:    Try loading font information for U+msa on input line 158.

(/usr/local/texlive/2013/texmf-dist/tex/latex/amsfonts/umsa.fd
File: umsa.fd 2013/01/14 v3.01 AMS symbols A
)
LaTeX Font Info:    Try loading font information for U+msb on input line 158.

(/usr/local/texlive/2013/texmf-dist/tex/latex/amsfonts/umsb.fd
File: umsb.fd 2013/01/14 v3.01 AMS symbols B
)
LaTeX Font Info:    Try loading font information for U+lasy on input line 158.

(/usr/local/texlive/2013/texmf-dist/tex/latex/base/ulasy.fd
File: ulasy.fd 1998/08/17 v2.2e LaTeX symbol font definitions
)
LaTeX Font Info:    Try loading font information for OMS+aer on input line 158.


(/usr/local/texlive/2013/texmf-dist/tex/latex/ae/omsaer.fd
File: omsaer.fd 1999/12/27
)
LaTeX Font Info:    Font shape `OMS/aer/m/n' in size <7> not available
(Font)              Font shape `OMS/cmsy/m/n' tried instead on input line 158.
 (./abstract.tex)
(./introduction.tex
(/usr/local/texlive/2013/texmf-dist/tex/generic/oberdiek/se-ascii-print.def
File: se-ascii-print.def 2011/12/02 v1.10 stringenc: Printable ASCII characters

)
Underfull \vbox (badness 10000) has occurred while \output is active []

 [1


]
File: pic/scenario.JPG Graphic file (type QTm)

<use  "pic/scenario.JPG" >
Underfull \vbox (badness 10000) has occurred while \output is active []

Missing character: There is no → in font aer10!
Missing character: There is no → in font aer10!
Missing character: There is no → in font aer10!
Missing character: There is no → in font aer10!
Missing character: There is no → in font aer10!

Overfull \hbox (2.4866pt too wide) in paragraph at lines 67--74
\T1/aer/m/n/10 by un-syn-chro-nized trans-mit-ter and re-ceiver pairs. Chap-
 []

) (./background.tex
Overfull \hbox (1.31682pt too wide) in paragraph at lines 3--4
\T1/aer/m/n/10 shift key-ing mod-u-la-tion and de-mod-u-la-tion scheme based
 []

[2] (./rollingshutter.tex
File: fig/global_shutter.png Graphic file (type QTm)
 <use  "fig/global_shutter.png" >
File: fig/fan_global.png Graphic file (type QTm)

<use  "fig/fan_global.png" >
Underfull \hbox (badness 1142) in paragraph at lines 13--13
[]\T1/aer/m/n/8 (b) |Global Shut-ter
 []

File: fig/rolling_shutter.png Graphic file (type QTm)
<use  "fig/rolling_shutter.png" >
File: fig/fan_rolling.png Graphic file (type QTm)
 <use  "fig/fan_rolling.png" >
File: pic/rollingshutter.png Graphic file (type QTm)

<use  "pic/rollingshutter.png" >
Overfull \hbox (21.97632pt too wide) in paragraph at lines 41--42
 [][] 
 []

[3]
Overfull \hbox (2.62888pt too wide) in paragraph at lines 66--67
[]\T1/aer/m/n/10 In sum-mary, the single-LED-to-rolling-shutter-camera
 []

) (./modulation.tex

Package hyperref Warning: Token not allowed in a PDF string (Unicode):
(hyperref)                removing `\\' on input line 1.


Overfull \hbox (30.74199pt too wide) in paragraph at lines 32--61
 [][] 
 []

) (./demodulation.tex
File: fig/strip1.png Graphic file (type QTm)
 <use  "fig/strip1.png" >
File: fig/strip2.png Graphic file (type QTm)
 <use  "fig/strip2.png" >
File: fig/strip3.png Graphic file (type QTm)

<use  "fig/strip3.png" > [4]) (./unsynchronized.tex
Overfull \hbox (2.46976pt too wide) in paragraph at lines 1--1
[]\secfnt Unsynchronized Trans-mit-ter and Re-ceiver 
 []

File: fig/tx_15_new.png Graphic file (type QTm)
<use  "fig/tx_15_new.png" >
File: fig/tx_20_new.png Graphic file (type QTm)
 <use  "fig/tx_20_new.png" >
File: fig/tx_29_new.png Graphic file (type QTm)

<use  "fig/tx_29_new.png" >
File: fig/tx_30_2_new.png Graphic file (type QTm)
 <use  "fig/tx_30_2_new.png" >
Overfull \hbox (13.31982pt too wide) in paragraph at lines 5--24
 []$[]$  $[]$  $[]$  $[]$ 
 []

File: fig/tx_30.png Graphic file (type QTm)
<use  "fig/tx_30.png" >
File: fig/tx_40.png Graphic file (type QTm)
 <use  "fig/tx_40.png" >
File: fig/tx_50.png Graphic file (type QTm)
 <use  "fig/tx_50.png" >
File: fig/tx_60.png Graphic file (type QTm)

<use  "fig/tx_60.png" >
Overfull \hbox (13.31982pt too wide) in paragraph at lines 25--44
 []$[]$  $[]$  $[]$  $[]$ 
 []


Overfull \hbox (10.70694pt too wide) in paragraph at lines 55--56
[]\T1/aer/bx/n/10 Received frame pat-terns. \T1/aer/m/n/10 We fol-low the ex-pe
riement
 []

[5]
File: fig/miss.png Graphic file (type QTm)
 <use  "fig/miss.png" >
File: fig/mix.png Graphic file (type QTm)
 <use  "fig/mix.png" > [6])
File: pic/5c.JPG Graphic file (type QTm)
 <use  "pic/5c.JPG" >
File: pic/5s.JPG Graphic file (type QTm)

<use  "pic/5s.JPG" >
File: pic/6plus.JPG Graphic file (type QTm)
 <use  "pic/6plus.JPG" >) (./systemdesign.tex
(./overview.tex)
File: pic/mixed_frame.png Graphic file (type QTm)
 <use  "pic/mixed_frame.png" >
File: fig/mix2.png Graphic file (type QTm)
 <use  "fig/mix2.png" >
(./flow.tex [7]
File: pic/arch.png Graphic file (type QTm)
 <use  "pic/arch.png" >
Overfull \hbox (5.91716pt too wide) in paragraph at lines 18--20
[]  [] 
 []


Overfull \hbox (4.39919pt too wide) in paragraph at lines 25--27
[]\T1/aer/m/n/10 The pream-ble sym-bol, which has a sig-nal pe-riod known
 []

File: pic/symbol_delimiter.png Graphic file (type QTm)
<use  "pic/symbol_delimiter.png" >
File: pic/bbox/bbox_A_original_crop.png Graphic file (type QTm)
 <use  "pic/bbox/bbox_A_original_crop.png" >
File: pic/bbox/bbox_B_gaussianBlur_crop.png Graphic file (type QTm)

<use  "pic/bbox/bbox_B_gaussianBlur_crop.png" >
File: pic/bbox/bbox_C_OTSU_crop.png Graphic file (type QTm)

<use  "pic/bbox/bbox_C_OTSU_crop.png" >
File: pic/bbox/bbox_E_template_crop.png Graphic file (type QTm)

<use  "pic/bbox/bbox_E_template_crop.png" >
File: pic/bbox/bbox_F_haar_crop.png Graphic file (type QTm)

<use  "pic/bbox/bbox_F_haar_crop.png" >
File: pic/bbox/bbox_H_stripedLED_crop.png Graphic file (type QTm)

<use  "pic/bbox/bbox_H_stripedLED_crop.png" >
Overfull \hbox (2.05078pt too wide) in paragraph at lines 43--72
 []$[]$  $[]$  $[]$  $[]$  $[]$  $[]$ 
 []

File: pic/bbox/bbox_A_original400_crop.png Graphic file (type QTm)
<use  "pic/bbox/bbox_A_original400_crop.png" >
File: pic/bbox/bbox_B_gaussianBlur400_crop.png Graphic file (type QTm)

<use  "pic/bbox/bbox_B_gaussianBlur400_crop.png" >
File: pic/bbox/bbox_C_OTSU400_crop.png Graphic file (type QTm)

<use  "pic/bbox/bbox_C_OTSU400_crop.png" >
File: pic/bbox/bbox_E_template400_crop.png Graphic file (type QTm)

<use  "pic/bbox/bbox_E_template400_crop.png" >
File: pic/bbox/bbox_F_haar400_crop.png Graphic file (type QTm)

<use  "pic/bbox/bbox_F_haar400_crop.png" >
File: pic/bbox/bbox_H_stripedLED400_crop.png Graphic file (type QTm)

<use  "pic/bbox/bbox_H_stripedLED400_crop.png" >
Overfull \hbox (2.05078pt too wide) in paragraph at lines 73--102
 []$[]$  $[]$  $[]$  $[]$  $[]$  $[]$ 
 []

)) (./implementation.tex [8] (./components.tex)
File: pic/tx_devices.png Graphic file (type QTm)
 <use  "pic/tx_devices.png" >
Overfull \hbox (12.0pt too wide) in paragraph at lines 21--25
 []$[]$ 
 []

File: pic/rx_devices.png Graphic file (type QTm)
<use  "pic/rx_devices.png" >
Overfull \hbox (12.0pt too wide) in paragraph at lines 26--30
 []$[]$ 
 []

) (./evaluation.tex [9]
File: pic/env_smartphone.JPG Graphic file (type QTm)
 <use  "pic/env_smartphone.JPG" >
File: pic/env_flea.JPG Graphic file (type QTm)

<use  "pic/env_flea.JPG" >
Overfull \hbox (4.9885pt too wide) in paragraph at lines 48--49
\T1/aer/m/n/10 dif-fer-ence be-tween the frame rates in-creases, the through-
 []

File: fig/exp1_new.eps Graphic file (type eps)
<fig/exp1_new.eps>
File: fig/exp2_tr_new.eps Graphic file (type eps)
 <fig/exp2_tr_new.eps>
File: fig/exp2_refine.eps Graphic file (type eps)
 <fig/exp2_refine.eps>
Underfull \vbox (badness 1762) has occurred while \output is active []

 [10]
Overfull \hbox (1.38623pt too wide) in paragraph at lines 101--103
\T1/aer/m/n/10 the trun-cated nor-mal dis-tri-bu-tion and trans-mit the sym-
 []


Underfull \vbox (badness 4582) has occurred while \output is active []

File: fig/exp3_iphone5s_new_modify.eps Graphic file (type eps)

<fig/exp3_iphone5s_new_modify.eps>
File: fig/exp4_iphone5s_new.eps Graphic file (type eps)
 <fig/exp4_iphone5s_new.eps>
Underfull \vbox (badness 10000) has occurred while \output is active []

 [11]
Overfull \hbox (2.95683pt too wide) in paragraph at lines 194--195
[]\T1/aer/m/n/10 The max trans-mit-ting frame rate for iPhone5s is about
 []


Overfull \hbox (70.52733pt too wide) detected at line 214
 []$[][] []$ []  
 []

[12]
Overfull \hbox (1.24649pt too wide) in paragraph at lines 253--254
\T1/aer/m/n/10 through-put de-creases sig-nif-i-cantly; due to both a smaller
 []

File: pic/ios_using.JPG Graphic file (type QTm)
<use  "pic/ios_using.JPG" >
Underfull \vbox (badness 6396) has occurred while \output is active []

)
(./relatedwork.tex [13]
Overfull \hbox (7.54724pt too wide) in paragraph at lines 21--22
[]\T1/aer/m/n/10 VRCodes (News-Flash) [[][]9[][]] takes ad-van-tage of the roll
ing
 []


Overfull \hbox (14.54613pt too wide) in paragraph at lines 26--27
\T1/aer/m/n/10 search works uti-liz-ing mul-ti-ple op-ti-cal trans-mit-ting sou
rces. 
 []

) (./conclusion.tex
Underfull \vbox (badness 10000) has occurred while \output is active []

 [14])
(./acknowledgement.tex) (./paper.bbl [15])
Package atveryend Info: Empty hook `BeforeClearDocument' on input line 201.
 [16

]
Package atveryend Info: Empty hook `AfterLastShipout' on input line 201.
 (./paper.aux)
Package atveryend Info: Empty hook `AtVeryEndDocument' on input line 201.
Package atveryend Info: Empty hook `AtEndAfterFileList' on input line 201.


LaTeX Warning: There were multiply-defined labels.

Package atveryend Info: Empty hook `AtVeryVeryEnd' on input line 201.
 ) 
Here is how much of TeX's memory you used:
 11941 strings out of 493938
 181855 string characters out of 6148857
 273428 words of memory out of 5000000
 15048 multiletter control sequences out of 15000+600000
 50573 words of font info for 71 fonts, out of 8000000 for 9000
 1144 hyphenation exceptions out of 8191
 39i,15n,46p,1617b,480s stack positions out of 5000i,500n,10000p,200000b,80000s

Output written on paper.pdf (16 pages).
