\BOOKMARK [1][-]{section.1}{Introduction}{}% 1
\BOOKMARK [1][-]{section.2}{background\040and\040related\040work}{}% 2
\BOOKMARK [2][-]{subsection.2.1}{Camera-received\040VLC}{section.2}% 3
\BOOKMARK [3][-]{subsubsection.2.1.1}{Screen-to-camera\040communications}{subsection.2.1}% 4
\BOOKMARK [3][-]{subsubsection.2.1.2}{Single-LED-to-camera\040communications}{subsection.2.1}% 5
\BOOKMARK [2][-]{subsection.2.2}{Channel\040Model\040of\040Rolling\040Shutter\040Camera}{section.2}% 6
\BOOKMARK [3][-]{subsubsection.2.2.1}{Rolling\040Shutter\040Operation}{subsection.2.2}% 7
\BOOKMARK [3][-]{subsubsection.2.2.2}{Time\040Gap\040in\040the\040Frame\040Duration}{subsection.2.2}% 8
\BOOKMARK [3][-]{subsubsection.2.2.3}{Channel\040Characteristics}{subsection.2.2}% 9
\BOOKMARK [1][-]{section.3}{CHALLENGES\040&\040SYSTEM\040OVERVIEW}{}% 10
\BOOKMARK [1][-]{section.4}{RollingLight\040design}{}% 11
\BOOKMARK [2][-]{subsection.4.1}{Rolling\040Shutter\040Frequency-Shift\040Keying\040\(RS-FSK\)\040}{section.4}% 12
\BOOKMARK [3][-]{subsubsection.4.1.1}{Modulation}{subsection.4.1}% 13
\BOOKMARK [3][-]{subsubsection.4.1.2}{Demodulation}{subsection.4.1}% 14
\BOOKMARK [2][-]{subsection.4.2}{Problem\040Statement:\040Unsynchronized\040Transmitter\040and\040Receiver}{section.4}% 15
\BOOKMARK [3][-]{subsubsection.4.2.1}{The\040Problem}{subsection.4.2}% 16
\BOOKMARK [3][-]{subsubsection.4.2.2}{The\040Probability}{subsection.4.2}% 17
\BOOKMARK [2][-]{subsection.4.3}{System\040Architecture\040and\040End-to-End\040System\040Flow}{section.4}% 18
\BOOKMARK [2][-]{subsection.4.4}{System\040Components}{section.4}% 19
\BOOKMARK [3][-]{subsubsection.4.4.1}{LED\040Array}{subsection.4.4}% 20
\BOOKMARK [3][-]{subsubsection.4.4.2}{Software\040Defined\040Radio}{subsection.4.4}% 21
\BOOKMARK [3][-]{subsubsection.4.4.3}{UHD}{subsection.4.4}% 22
\BOOKMARK [3][-]{subsubsection.4.4.4}{VLC\040Front-end\040Board}{subsection.4.4}% 23
\BOOKMARK [3][-]{subsubsection.4.4.5}{Rolling\040Shutter\040Camera}{subsection.4.4}% 24
\BOOKMARK [1][-]{section.5}{Implementation}{}% 25
\BOOKMARK [2][-]{subsection.5.1}{Encoder}{section.5}% 26
\BOOKMARK [2][-]{subsection.5.2}{Decoder}{section.5}% 27
\BOOKMARK [1][-]{section.6}{Evaluation}{}% 28
\BOOKMARK [2][-]{subsection.6.1}{Performance\040under\040Different\040Receiving\040Frame\040Rate}{section.6}% 29
\BOOKMARK [2][-]{subsection.6.2}{Performance\040under\040Varying\040Inter-frame\040Interval}{section.6}% 30
\BOOKMARK [2][-]{subsection.6.3}{Performance\040under\040Different\040Smartphone\040Cameras}{section.6}% 31
\BOOKMARK [2][-]{subsection.6.4}{Max\040Throughput\040under\040Different\040Transmitting\040Frame\040Rate}{section.6}% 32
\BOOKMARK [2][-]{subsection.6.5}{Performance\040under\040Different\040LED\040Size\040in\040the\040Image}{section.6}% 33
\BOOKMARK [2][-]{subsection.6.6}{Time\040Measurement\040of\040Real-time\040iOS\040Decoder\040App}{section.6}% 34
\BOOKMARK [1][-]{section.7}{Conclusion\040and\040future\040work}{}% 35
\BOOKMARK [2][-]{subsection.7.1}{Conclusion}{section.7}% 36
\BOOKMARK [2][-]{subsection.7.2}{Future\040Work}{section.7}% 37
\BOOKMARK [1][-]{section.8}{ACKNOWLEDGEMENTS}{}% 38
\BOOKMARK [1][-]{section.9}{References}{}% 39
